2022-08-22 17:27:27,312 p=19374 u=root n=ansible | PLAY [Setup WebServer] *********************************************************************************
2022-08-22 17:27:27,324 p=19374 u=root n=ansible | TASK [Gathering Facts] *********************************************************************************
2022-08-22 17:27:28,686 p=19374 u=root n=ansible | ok: [web02]
2022-08-22 17:27:28,694 p=19374 u=root n=ansible | ok: [web01]
2022-08-22 17:27:28,701 p=19374 u=root n=ansible | TASK [install Apache httpd] ****************************************************************************
2022-08-22 17:27:29,482 p=19374 u=root n=ansible | ok: [web02]
2022-08-22 17:27:29,486 p=19374 u=root n=ansible | ok: [web01]
2022-08-22 17:27:29,495 p=19374 u=root n=ansible | TASK [Start & Enable HTTPD] ****************************************************************************
2022-08-22 17:27:30,246 p=19374 u=root n=ansible | ok: [web01]
2022-08-22 17:27:30,253 p=19374 u=root n=ansible | ok: [web02]
2022-08-22 17:27:30,262 p=19374 u=root n=ansible | TASK [Deploy web file] *********************************************************************************
2022-08-22 17:27:31,086 p=19374 u=root n=ansible | ok: [web02]
2022-08-22 17:27:31,090 p=19374 u=root n=ansible | ok: [web01]
2022-08-22 17:27:31,095 p=19374 u=root n=ansible | PLAY [Setup DBserver] **********************************************************************************
2022-08-22 17:27:31,099 p=19374 u=root n=ansible | TASK [Gathering Facts] *********************************************************************************
2022-08-22 17:27:32,094 p=19374 u=root n=ansible | ok: [db01]
2022-08-22 17:27:32,103 p=19374 u=root n=ansible | TASK [Install Mariadb] *********************************************************************************
2022-08-22 17:27:32,644 p=19374 u=root n=ansible | ok: [db01]
2022-08-22 17:27:32,653 p=19374 u=root n=ansible | TASK [Install Python MYSQL] ****************************************************************************
2022-08-22 17:27:33,197 p=19374 u=root n=ansible | ok: [db01]
2022-08-22 17:27:33,206 p=19374 u=root n=ansible | TASK [Start MySQL] *************************************************************************************
2022-08-22 17:27:33,623 p=19374 u=root n=ansible | ok: [db01]
2022-08-22 17:27:33,632 p=19374 u=root n=ansible | TASK [Create a new database with name 'accounts'] ******************************************************
2022-08-22 17:27:34,082 p=19374 u=root n=ansible | ok: [db01]
2022-08-22 17:27:34,092 p=19374 u=root n=ansible | TASK [Create a user with name 'admin'] *****************************************************************
2022-08-22 17:27:34,553 p=19374 u=root n=ansible | [WARNING]: The value ******** (type int) in a string field was converted to u'********' (type string).
If this does not look like what you expect, quote the entire value to ensure it does not change.

2022-08-22 17:27:34,554 p=19374 u=root n=ansible | [WARNING]: Module did not set no_log for update_password

2022-08-22 17:27:34,554 p=19374 u=root n=ansible | ok: [db01]
2022-08-22 17:27:34,556 p=19374 u=root n=ansible | PLAY RECAP *********************************************************************************************
2022-08-22 17:27:34,558 p=19374 u=root n=ansible | db01                       : ok=6    changed=0    unreachable=0    failed=0    skipped=0    rescued=0    ignored=0   
2022-08-22 17:27:34,558 p=19374 u=root n=ansible | web01                      : ok=4    changed=0    unreachable=0    failed=0    skipped=0    rescued=0    ignored=0   
2022-08-22 17:27:34,558 p=19374 u=root n=ansible | web02                      : ok=4    changed=0    unreachable=0    failed=0    skipped=0    rescued=0    ignored=0   
2022-08-22 17:27:42,405 p=19533 u=root n=ansible | ansible-playbook 2.9.27
  config file = /root/vprofile/exercise6/ansible.cfg
  configured module search path = [u'/root/.ansible/plugins/modules', u'/usr/share/ansible/plugins/modules']
  ansible python module location = /usr/lib/python2.7/dist-packages/ansible
  executable location = /usr/bin/ansible-playbook
  python version = 2.7.17 (default, Jul  1 2022, 15:56:32) [GCC 7.5.0]
2022-08-22 17:27:42,405 p=19533 u=root n=ansible | Using /root/vprofile/exercise6/ansible.cfg as config file
2022-08-22 17:27:42,670 p=19533 u=root n=ansible | Skipping callback 'actionable', as we already have a stdout callback.
2022-08-22 17:27:42,671 p=19533 u=root n=ansible | Skipping callback 'counter_enabled', as we already have a stdout callback.
2022-08-22 17:27:42,671 p=19533 u=root n=ansible | Skipping callback 'debug', as we already have a stdout callback.
2022-08-22 17:27:42,671 p=19533 u=root n=ansible | Skipping callback 'dense', as we already have a stdout callback.
2022-08-22 17:27:42,671 p=19533 u=root n=ansible | Skipping callback 'dense', as we already have a stdout callback.
2022-08-22 17:27:42,672 p=19533 u=root n=ansible | Skipping callback 'full_skip', as we already have a stdout callback.
2022-08-22 17:27:42,672 p=19533 u=root n=ansible | Skipping callback 'json', as we already have a stdout callback.
2022-08-22 17:27:42,672 p=19533 u=root n=ansible | Skipping callback 'minimal', as we already have a stdout callback.
2022-08-22 17:27:42,672 p=19533 u=root n=ansible | Skipping callback 'null', as we already have a stdout callback.
2022-08-22 17:27:42,672 p=19533 u=root n=ansible | Skipping callback 'oneline', as we already have a stdout callback.
2022-08-22 17:27:42,672 p=19533 u=root n=ansible | Skipping callback 'selective', as we already have a stdout callback.
2022-08-22 17:27:42,673 p=19533 u=root n=ansible | Skipping callback 'skippy', as we already have a stdout callback.
2022-08-22 17:27:42,673 p=19533 u=root n=ansible | Skipping callback 'stderr', as we already have a stdout callback.
2022-08-22 17:27:42,673 p=19533 u=root n=ansible | Skipping callback 'unixy', as we already have a stdout callback.
2022-08-22 17:27:42,673 p=19533 u=root n=ansible | Skipping callback 'yaml', as we already have a stdout callback.
2022-08-22 17:27:42,673 p=19533 u=root n=ansible | PLAYBOOK: db.yaml **************************************************************************************
2022-08-22 17:27:42,673 p=19533 u=root n=ansible | 2 plays in db.yaml
2022-08-22 17:27:42,677 p=19533 u=root n=ansible | PLAY [Setup WebServer] *********************************************************************************
2022-08-22 17:27:42,688 p=19533 u=root n=ansible | TASK [Gathering Facts] *********************************************************************************
2022-08-22 17:27:43,675 p=19533 u=root n=ansible | ok: [web02]
2022-08-22 17:27:43,683 p=19533 u=root n=ansible | ok: [web01]
2022-08-22 17:27:43,684 p=19533 u=root n=ansible | META: ran handlers
2022-08-22 17:27:43,691 p=19533 u=root n=ansible | TASK [install Apache httpd] ****************************************************************************
2022-08-22 17:27:44,474 p=19533 u=root n=ansible | ok: [web02] => {"changed": false, "msg": "", "rc": 0, "results": ["httpd-2.4.6-97.el7.centos.5.x86_64 providing httpd is already installed"]}
2022-08-22 17:27:44,479 p=19533 u=root n=ansible | ok: [web01] => {"changed": false, "msg": "", "rc": 0, "results": ["httpd-2.4.6-97.el7.centos.5.x86_64 providing httpd is already installed"]}
2022-08-22 17:27:44,488 p=19533 u=root n=ansible | TASK [Start & Enable HTTPD] ****************************************************************************
2022-08-22 17:27:45,335 p=19533 u=root n=ansible | ok: [web01] => {"changed": false, "enabled": true, "name": "httpd", "state": "started", "status": {"ActiveEnterTimestamp": "Mon 2022-08-22 15:06:16 UTC", "ActiveEnterTimestampMonotonic": "28001616243", "ActiveExitTimestampMonotonic": "0", "ActiveState": "active", "After": "system.slice -.mount systemd-journald.socket network.target tmp.mount basic.target remote-fs.target nss-lookup.target", "AllowIsolate": "no", "AmbientCapabilities": "0", "AssertResult": "yes", "AssertTimestamp": "Mon 2022-08-22 15:06:16 UTC", "AssertTimestampMonotonic": "28001558204", "Before": "shutdown.target multi-user.target", "BlockIOAccounting": "no", "BlockIOWeight": "18446744073709551615", "CPUAccounting": "no", "CPUQuotaPerSecUSec": "infinity", "CPUSchedulingPolicy": "0", "CPUSchedulingPriority": "0", "CPUSchedulingResetOnFork": "no", "CPUShares": "18446744073709551615", "CanIsolate": "no", "CanReload": "yes", "CanStart": "yes", "CanStop": "yes", "CapabilityBoundingSet": "18446744073709551615", "CollectMode": "inactive", "ConditionResult": "yes", "ConditionTimestamp": "Mon 2022-08-22 15:06:16 UTC", "ConditionTimestampMonotonic": "28001558203", "Conflicts": "shutdown.target", "ControlGroup": "/system.slice/httpd.service", "ControlPID": "0", "DefaultDependencies": "yes", "Delegate": "no", "Description": "The Apache HTTP Server", "DevicePolicy": "auto", "Documentation": "man:httpd(8) man:apachectl(8)", "EnvironmentFile": "/etc/sysconfig/httpd (ignore_errors=no)", "ExecMainCode": "0", "ExecMainExitTimestampMonotonic": "0", "ExecMainPID": "12208", "ExecMainStartTimestamp": "Mon 2022-08-22 15:06:16 UTC", "ExecMainStartTimestampMonotonic": "28001559389", "ExecMainStatus": "0", "ExecReload": "{ path=/usr/sbin/httpd ; argv[]=/usr/sbin/httpd $OPTIONS -k graceful ; ignore_errors=no ; start_time=[n/a] ; stop_time=[n/a] ; pid=0 ; code=(null) ; status=0/0 }", "ExecStart": "{ path=/usr/sbin/httpd ; argv[]=/usr/sbin/httpd $OPTIONS -DFOREGROUND ; ignore_errors=no ; start_time=[Mon 2022-08-22 15:06:16 UTC] ; stop_time=[n/a] ; pid=12208 ; code=(null) ; status=0/0 }", "ExecStop": "{ path=/bin/kill ; argv[]=/bin/kill -WINCH ${MAINPID} ; ignore_errors=no ; start_time=[n/a] ; stop_time=[n/a] ; pid=0 ; code=(null) ; status=0/0 }", "FailureAction": "none", "FileDescriptorStoreMax": "0", "FragmentPath": "/usr/lib/systemd/system/httpd.service", "GuessMainPID": "yes", "IOScheduling": "0", "Id": "httpd.service", "IgnoreOnIsolate": "no", "IgnoreOnSnapshot": "no", "IgnoreSIGPIPE": "yes", "InactiveEnterTimestampMonotonic": "0", "InactiveExitTimestamp": "Mon 2022-08-22 15:06:16 UTC", "InactiveExitTimestampMonotonic": "28001559429", "JobTimeoutAction": "none", "JobTimeoutUSec": "0", "KillMode": "control-group", "KillSignal": "18", "LimitAS": "18446744073709551615", "LimitCORE": "18446744073709551615", "LimitCPU": "18446744073709551615", "LimitDATA": "18446744073709551615", "LimitFSIZE": "18446744073709551615", "LimitLOCKS": "18446744073709551615", "LimitMEMLOCK": "65536", "LimitMSGQUEUE": "819200", "LimitNICE": "0", "LimitNOFILE": "4096", "LimitNPROC": "3761", "LimitRSS": "18446744073709551615", "LimitRTPRIO": "0", "LimitRTTIME": "18446744073709551615", "LimitSIGPENDING": "3761", "LimitSTACK": "18446744073709551615", "LoadState": "loaded", "MainPID": "12208", "MemoryAccounting": "no", "MemoryCurrent": "18446744073709551615", "MemoryLimit": "18446744073709551615", "MountFlags": "0", "Names": "httpd.service", "NeedDaemonReload": "no", "Nice": "0", "NoNewPrivileges": "no", "NonBlocking": "no", "NotifyAccess": "main", "OOMScoreAdjust": "0", "OnFailureJobMode": "replace", "PermissionsStartOnly": "no", "PrivateDevices": "no", "PrivateNetwork": "no", "PrivateTmp": "yes", "ProtectHome": "no", "ProtectSystem": "no", "RefuseManualStart": "no", "RefuseManualStop": "no", "RemainAfterExit": "no", "Requires": "system.slice -.mount basic.target", "RequiresMountsFor": "/var/tmp", "Restart": "no", "RestartUSec": "100ms", "Result": "success", "RootDirectoryStartOnly": "no", "RuntimeDirectoryMode": "0755", "SameProcessGroup": "no", "SecureBits": "0", "SendSIGHUP": "no", "SendSIGKILL": "yes", "Slice": "system.slice", "StandardError": "inherit", "StandardInput": "null", "StandardOutput": "journal", "StartLimitAction": "none", "StartLimitBurst": "5", "StartLimitInterval": "10000000", "StartupBlockIOWeight": "18446744073709551615", "StartupCPUShares": "18446744073709551615", "StatusErrno": "0", "StatusText": "Total requests: 8; Current requests/sec: 0; Current traffic:   0 B/sec", "StopWhenUnneeded": "no", "SubState": "running", "SyslogLevelPrefix": "yes", "SyslogPriority": "30", "SystemCallErrorNumber": "0", "TTYReset": "no", "TTYVHangup": "no", "TTYVTDisallocate": "no", "TasksAccounting": "no", "TasksCurrent": "18446744073709551615", "TasksMax": "18446744073709551615", "TimeoutStartUSec": "1min 30s", "TimeoutStopUSec": "1min 30s", "TimerSlackNSec": "50000", "Transient": "no", "Type": "notify", "UMask": "0022", "UnitFilePreset": "disabled", "UnitFileState": "enabled", "WantedBy": "multi-user.target", "WatchdogTimestamp": "Mon 2022-08-22 15:06:16 UTC", "WatchdogTimestampMonotonic": "28001616200", "WatchdogUSec": "0"}}
2022-08-22 17:27:45,343 p=19533 u=root n=ansible | ok: [web02] => {"changed": false, "enabled": true, "name": "httpd", "state": "started", "status": {"ActiveEnterTimestamp": "Mon 2022-08-22 15:06:16 UTC", "ActiveEnterTimestampMonotonic": "23403389412", "ActiveExitTimestampMonotonic": "0", "ActiveState": "active", "After": "remote-fs.target basic.target -.mount nss-lookup.target system.slice network.target tmp.mount systemd-journald.socket", "AllowIsolate": "no", "AmbientCapabilities": "0", "AssertResult": "yes", "AssertTimestamp": "Mon 2022-08-22 15:06:16 UTC", "AssertTimestampMonotonic": "23403334144", "Before": "shutdown.target multi-user.target", "BlockIOAccounting": "no", "BlockIOWeight": "18446744073709551615", "CPUAccounting": "no", "CPUQuotaPerSecUSec": "infinity", "CPUSchedulingPolicy": "0", "CPUSchedulingPriority": "0", "CPUSchedulingResetOnFork": "no", "CPUShares": "18446744073709551615", "CanIsolate": "no", "CanReload": "yes", "CanStart": "yes", "CanStop": "yes", "CapabilityBoundingSet": "18446744073709551615", "CollectMode": "inactive", "ConditionResult": "yes", "ConditionTimestamp": "Mon 2022-08-22 15:06:16 UTC", "ConditionTimestampMonotonic": "23403334143", "Conflicts": "shutdown.target", "ControlGroup": "/system.slice/httpd.service", "ControlPID": "0", "DefaultDependencies": "yes", "Delegate": "no", "Description": "The Apache HTTP Server", "DevicePolicy": "auto", "Documentation": "man:httpd(8) man:apachectl(8)", "EnvironmentFile": "/etc/sysconfig/httpd (ignore_errors=no)", "ExecMainCode": "0", "ExecMainExitTimestampMonotonic": "0", "ExecMainPID": "10887", "ExecMainStartTimestamp": "Mon 2022-08-22 15:06:16 UTC", "ExecMainStartTimestampMonotonic": "23403335144", "ExecMainStatus": "0", "ExecReload": "{ path=/usr/sbin/httpd ; argv[]=/usr/sbin/httpd $OPTIONS -k graceful ; ignore_errors=no ; start_time=[n/a] ; stop_time=[n/a] ; pid=0 ; code=(null) ; status=0/0 }", "ExecStart": "{ path=/usr/sbin/httpd ; argv[]=/usr/sbin/httpd $OPTIONS -DFOREGROUND ; ignore_errors=no ; start_time=[Mon 2022-08-22 15:06:16 UTC] ; stop_time=[n/a] ; pid=10887 ; code=(null) ; status=0/0 }", "ExecStop": "{ path=/bin/kill ; argv[]=/bin/kill -WINCH ${MAINPID} ; ignore_errors=no ; start_time=[n/a] ; stop_time=[n/a] ; pid=0 ; code=(null) ; status=0/0 }", "FailureAction": "none", "FileDescriptorStoreMax": "0", "FragmentPath": "/usr/lib/systemd/system/httpd.service", "GuessMainPID": "yes", "IOScheduling": "0", "Id": "httpd.service", "IgnoreOnIsolate": "no", "IgnoreOnSnapshot": "no", "IgnoreSIGPIPE": "yes", "InactiveEnterTimestampMonotonic": "0", "InactiveExitTimestamp": "Mon 2022-08-22 15:06:16 UTC", "InactiveExitTimestampMonotonic": "23403335185", "JobTimeoutAction": "none", "JobTimeoutUSec": "0", "KillMode": "control-group", "KillSignal": "18", "LimitAS": "18446744073709551615", "LimitCORE": "18446744073709551615", "LimitCPU": "18446744073709551615", "LimitDATA": "18446744073709551615", "LimitFSIZE": "18446744073709551615", "LimitLOCKS": "18446744073709551615", "LimitMEMLOCK": "65536", "LimitMSGQUEUE": "819200", "LimitNICE": "0", "LimitNOFILE": "4096", "LimitNPROC": "3761", "LimitRSS": "18446744073709551615", "LimitRTPRIO": "0", "LimitRTTIME": "18446744073709551615", "LimitSIGPENDING": "3761", "LimitSTACK": "18446744073709551615", "LoadState": "loaded", "MainPID": "10887", "MemoryAccounting": "no", "MemoryCurrent": "18446744073709551615", "MemoryLimit": "18446744073709551615", "MountFlags": "0", "Names": "httpd.service", "NeedDaemonReload": "no", "Nice": "0", "NoNewPrivileges": "no", "NonBlocking": "no", "NotifyAccess": "main", "OOMScoreAdjust": "0", "OnFailureJobMode": "replace", "PermissionsStartOnly": "no", "PrivateDevices": "no", "PrivateNetwork": "no", "PrivateTmp": "yes", "ProtectHome": "no", "ProtectSystem": "no", "RefuseManualStart": "no", "RefuseManualStop": "no", "RemainAfterExit": "no", "Requires": "-.mount basic.target system.slice", "RequiresMountsFor": "/var/tmp", "Restart": "no", "RestartUSec": "100ms", "Result": "success", "RootDirectoryStartOnly": "no", "RuntimeDirectoryMode": "0755", "SameProcessGroup": "no", "SecureBits": "0", "SendSIGHUP": "no", "SendSIGKILL": "yes", "Slice": "system.slice", "StandardError": "inherit", "StandardInput": "null", "StandardOutput": "journal", "StartLimitAction": "none", "StartLimitBurst": "5", "StartLimitInterval": "10000000", "StartupBlockIOWeight": "18446744073709551615", "StartupCPUShares": "18446744073709551615", "StatusErrno": "0", "StatusText": "Total requests: 4; Current requests/sec: 0; Current traffic:   0 B/sec", "StopWhenUnneeded": "no", "SubState": "running", "SyslogLevelPrefix": "yes", "SyslogPriority": "30", "SystemCallErrorNumber": "0", "TTYReset": "no", "TTYVHangup": "no", "TTYVTDisallocate": "no", "TasksAccounting": "no", "TasksCurrent": "18446744073709551615", "TasksMax": "18446744073709551615", "TimeoutStartUSec": "1min 30s", "TimeoutStopUSec": "1min 30s", "TimerSlackNSec": "50000", "Transient": "no", "Type": "notify", "UMask": "0022", "UnitFilePreset": "disabled", "UnitFileState": "enabled", "WantedBy": "multi-user.target", "WatchdogTimestamp": "Mon 2022-08-22 15:06:16 UTC", "WatchdogTimestampMonotonic": "23403389364", "WatchdogUSec": "0"}}
2022-08-22 17:27:45,353 p=19533 u=root n=ansible | TASK [Deploy web file] *********************************************************************************
2022-08-22 17:27:46,239 p=19533 u=root n=ansible | ok: [web02] => {"changed": false, "checksum": "1215ee4318c2ff9dfa29474fe20e802206d50369", "dest": "/var/www/html/index.html", "gid": 0, "group": "root", "mode": "0644", "owner": "root", "path": "/var/www/html/index.html", "secontext": "system_u:object_r:httpd_sys_content_t:s0", "size": 45, "state": "file", "uid": 0}
2022-08-22 17:27:46,244 p=19533 u=root n=ansible | ok: [web01] => {"changed": false, "checksum": "1215ee4318c2ff9dfa29474fe20e802206d50369", "dest": "/var/www/html/index.html", "gid": 0, "group": "root", "mode": "0644", "owner": "root", "path": "/var/www/html/index.html", "secontext": "system_u:object_r:httpd_sys_content_t:s0", "size": 45, "state": "file", "uid": 0}
2022-08-22 17:27:46,245 p=19533 u=root n=ansible | META: ran handlers
2022-08-22 17:27:46,245 p=19533 u=root n=ansible | META: ran handlers
2022-08-22 17:27:46,249 p=19533 u=root n=ansible | PLAY [Setup DBserver] **********************************************************************************
2022-08-22 17:27:46,253 p=19533 u=root n=ansible | TASK [Gathering Facts] *********************************************************************************
2022-08-22 17:27:46,892 p=19533 u=root n=ansible | ok: [db01]
2022-08-22 17:27:46,893 p=19533 u=root n=ansible | META: ran handlers
2022-08-22 17:27:46,899 p=19533 u=root n=ansible | TASK [Install Mariadb] *********************************************************************************
2022-08-22 17:27:47,444 p=19533 u=root n=ansible | ok: [db01] => {"changed": false, "msg": "", "rc": 0, "results": ["1:mariadb-server-5.5.68-1.el7.x86_64 providing mariadb-server is already installed"]}
2022-08-22 17:27:47,452 p=19533 u=root n=ansible | TASK [Install Python MYSQL] ****************************************************************************
2022-08-22 17:27:47,990 p=19533 u=root n=ansible | ok: [db01] => {"changed": false, "msg": "", "rc": 0, "results": ["MySQL-python-1.2.5-1.el7.x86_64 providing MySQL-python is already installed"]}
2022-08-22 17:27:47,998 p=19533 u=root n=ansible | TASK [Start MySQL] *************************************************************************************
2022-08-22 17:27:48,413 p=19533 u=root n=ansible | ok: [db01] => {"changed": false, "enabled": true, "name": "mariadb", "state": "started", "status": {"ActiveEnterTimestamp": "Mon 2022-08-22 16:46:29 UTC", "ActiveEnterTimestampMonotonic": "6942290400", "ActiveExitTimestampMonotonic": "0", "ActiveState": "active", "After": "system.slice basic.target network.target systemd-journald.socket tmp.mount -.mount syslog.target", "AllowIsolate": "no", "AmbientCapabilities": "0", "AssertResult": "yes", "AssertTimestamp": "Mon 2022-08-22 16:46:26 UTC", "AssertTimestampMonotonic": "6938914270", "Before": "shutdown.target multi-user.target", "BlockIOAccounting": "no", "BlockIOWeight": "18446744073709551615", "CPUAccounting": "no", "CPUQuotaPerSecUSec": "infinity", "CPUSchedulingPolicy": "0", "CPUSchedulingPriority": "0", "CPUSchedulingResetOnFork": "no", "CPUShares": "18446744073709551615", "CanIsolate": "no", "CanReload": "no", "CanStart": "yes", "CanStop": "yes", "CapabilityBoundingSet": "18446744073709551615", "CollectMode": "inactive", "ConditionResult": "yes", "ConditionTimestamp": "Mon 2022-08-22 16:46:26 UTC", "ConditionTimestampMonotonic": "6938914269", "Conflicts": "shutdown.target", "ControlGroup": "/system.slice/mariadb.service", "ControlPID": "0", "DefaultDependencies": "yes", "Delegate": "no", "Description": "MariaDB database server", "DevicePolicy": "auto", "ExecMainCode": "0", "ExecMainExitTimestampMonotonic": "0", "ExecMainPID": "14904", "ExecMainStartTimestamp": "Mon 2022-08-22 16:46:27 UTC", "ExecMainStartTimestampMonotonic": "6940230709", "ExecMainStatus": "0", "ExecStart": "{ path=/usr/bin/mysqld_safe ; argv[]=/usr/bin/mysqld_safe --basedir=/usr ; ignore_errors=no ; start_time=[Mon 2022-08-22 16:46:27 UTC] ; stop_time=[n/a] ; pid=14904 ; code=(null) ; status=0/0 }", "ExecStartPost": "{ path=/usr/libexec/mariadb-wait-ready ; argv[]=/usr/libexec/mariadb-wait-ready $MAINPID ; ignore_errors=no ; start_time=[Mon 2022-08-22 16:46:27 UTC] ; stop_time=[Mon 2022-08-22 16:46:29 UTC] ; pid=14905 ; code=exited ; status=0 }", "ExecStartPre": "{ path=/usr/libexec/mariadb-prepare-db-dir ; argv[]=/usr/libexec/mariadb-prepare-db-dir %n ; ignore_errors=no ; start_time=[Mon 2022-08-22 16:46:26 UTC] ; stop_time=[Mon 2022-08-22 16:46:27 UTC] ; pid=14822 ; code=exited ; status=0 }", "FailureAction": "none", "FileDescriptorStoreMax": "0", "FragmentPath": "/usr/lib/systemd/system/mariadb.service", "Group": "mysql", "GuessMainPID": "yes", "IOScheduling": "0", "Id": "mariadb.service", "IgnoreOnIsolate": "no", "IgnoreOnSnapshot": "no", "IgnoreSIGPIPE": "yes", "InactiveEnterTimestampMonotonic": "0", "InactiveExitTimestamp": "Mon 2022-08-22 16:46:26 UTC", "InactiveExitTimestampMonotonic": "6938915294", "JobTimeoutAction": "none", "JobTimeoutUSec": "0", "KillMode": "control-group", "KillSignal": "15", "LimitAS": "18446744073709551615", "LimitCORE": "18446744073709551615", "LimitCPU": "18446744073709551615", "LimitDATA": "18446744073709551615", "LimitFSIZE": "18446744073709551615", "LimitLOCKS": "18446744073709551615", "LimitMEMLOCK": "65536", "LimitMSGQUEUE": "819200", "LimitNICE": "0", "LimitNOFILE": "4096", "LimitNPROC": "3761", "LimitRSS": "18446744073709551615", "LimitRTPRIO": "0", "LimitRTTIME": "18446744073709551615", "LimitSIGPENDING": "3761", "LimitSTACK": "18446744073709551615", "LoadState": "loaded", "MainPID": "14904", "MemoryAccounting": "no", "MemoryCurrent": "18446744073709551615", "MemoryLimit": "18446744073709551615", "MountFlags": "0", "Names": "mariadb.service", "NeedDaemonReload": "no", "Nice": "0", "NoNewPrivileges": "no", "NonBlocking": "no", "NotifyAccess": "none", "OOMScoreAdjust": "0", "OnFailureJobMode": "replace", "PermissionsStartOnly": "no", "PrivateDevices": "no", "PrivateNetwork": "no", "PrivateTmp": "yes", "ProtectHome": "no", "ProtectSystem": "no", "RefuseManualStart": "no", "RefuseManualStop": "no", "RemainAfterExit": "no", "Requires": "basic.target system.slice -.mount", "RequiresMountsFor": "/var/tmp", "Restart": "no", "RestartUSec": "100ms", "Result": "success", "RootDirectoryStartOnly": "no", "RuntimeDirectoryMode": "0755", "SameProcessGroup": "no", "SecureBits": "0", "SendSIGHUP": "no", "SendSIGKILL": "yes", "Slice": "system.slice", "StandardError": "inherit", "StandardInput": "null", "StandardOutput": "journal", "StartLimitAction": "none", "StartLimitBurst": "5", "StartLimitInterval": "10000000", "StartupBlockIOWeight": "18446744073709551615", "StartupCPUShares": "18446744073709551615", "StatusErrno": "0", "StopWhenUnneeded": "no", "SubState": "running", "SyslogLevelPrefix": "yes", "SyslogPriority": "30", "SystemCallErrorNumber": "0", "TTYReset": "no", "TTYVHangup": "no", "TTYVTDisallocate": "no", "TasksAccounting": "no", "TasksCurrent": "18446744073709551615", "TasksMax": "18446744073709551615", "TimeoutStartUSec": "5min", "TimeoutStopUSec": "5min", "TimerSlackNSec": "50000", "Transient": "no", "Type": "simple", "UMask": "0022", "UnitFilePreset": "disabled", "UnitFileState": "enabled", "User": "mysql", "WantedBy": "multi-user.target", "WatchdogTimestamp": "Mon 2022-08-22 16:46:27 UTC", "WatchdogTimestampMonotonic": "6940230761", "WatchdogUSec": "0"}}
2022-08-22 17:27:48,422 p=19533 u=root n=ansible | TASK [Create a new database with name 'accounts'] ******************************************************
2022-08-22 17:27:48,874 p=19533 u=root n=ansible | ok: [db01] => {"changed": false, "db": "accounts", "db_list": ["accounts"]}
2022-08-22 17:27:48,884 p=19533 u=root n=ansible | TASK [Create a user with name 'admin'] *****************************************************************
2022-08-22 17:27:49,346 p=19533 u=root n=ansible | [WARNING]: The value ******** (type int) in a string field was converted to u'********' (type string).
If this does not look like what you expect, quote the entire value to ensure it does not change.

2022-08-22 17:27:49,346 p=19533 u=root n=ansible | [WARNING]: Module did not set no_log for update_password

2022-08-22 17:27:49,347 p=19533 u=root n=ansible | ok: [db01] => {"changed": false, "msg": "User unchanged", "user": "admin"}
2022-08-22 17:27:49,350 p=19533 u=root n=ansible | META: ran handlers
2022-08-22 17:27:49,350 p=19533 u=root n=ansible | META: ran handlers
2022-08-22 17:27:49,351 p=19533 u=root n=ansible | PLAY RECAP *********************************************************************************************
2022-08-22 17:27:49,351 p=19533 u=root n=ansible | db01                       : ok=6    changed=0    unreachable=0    failed=0    skipped=0    rescued=0    ignored=0   
2022-08-22 17:27:49,351 p=19533 u=root n=ansible | web01                      : ok=4    changed=0    unreachable=0    failed=0    skipped=0    rescued=0    ignored=0   
2022-08-22 17:27:49,352 p=19533 u=root n=ansible | web02                      : ok=4    changed=0    unreachable=0    failed=0    skipped=0    rescued=0    ignored=0   
2022-08-22 22:38:12,813 p=20480 u=root n=ansible | ERROR! the playbook: db01.yml could not be found
2022-08-22 22:38:23,893 p=20483 u=root n=ansible | ERROR! the playbook: db01.yaml could not be found
2022-08-22 22:38:40,813 p=20488 u=root n=ansible | PLAY [Setup WebServer] *********************************************************
2022-08-22 22:38:40,824 p=20488 u=root n=ansible | TASK [Gathering Facts] *********************************************************
2022-08-22 22:38:42,192 p=20488 u=root n=ansible | ok: [web02]
2022-08-22 22:38:42,199 p=20488 u=root n=ansible | ok: [web01]
2022-08-22 22:38:42,206 p=20488 u=root n=ansible | TASK [install Apache httpd] ****************************************************
2022-08-22 22:38:42,977 p=20488 u=root n=ansible | ok: [web01]
2022-08-22 22:38:42,989 p=20488 u=root n=ansible | ok: [web02]
2022-08-22 22:38:42,997 p=20488 u=root n=ansible | TASK [Start & Enable HTTPD] ****************************************************
2022-08-22 22:38:43,752 p=20488 u=root n=ansible | ok: [web02]
2022-08-22 22:38:43,756 p=20488 u=root n=ansible | ok: [web01]
2022-08-22 22:38:43,768 p=20488 u=root n=ansible | TASK [Deploy web file] *********************************************************
2022-08-22 22:38:44,602 p=20488 u=root n=ansible | ok: [web01]
2022-08-22 22:38:44,605 p=20488 u=root n=ansible | ok: [web02]
2022-08-22 22:38:44,611 p=20488 u=root n=ansible | PLAY [Setup DBserver] **********************************************************
2022-08-22 22:38:44,615 p=20488 u=root n=ansible | TASK [Gathering Facts] *********************************************************
2022-08-22 22:38:46,313 p=20488 u=root n=ansible | ok: [db01]
2022-08-22 22:38:46,322 p=20488 u=root n=ansible | TASK [Install Mariadb] *********************************************************
2022-08-22 22:39:08,096 p=20488 u=root n=ansible | changed: [db01]
2022-08-22 22:39:08,105 p=20488 u=root n=ansible | TASK [Install Python MYSQL] ****************************************************
2022-08-22 22:39:10,216 p=20488 u=root n=ansible | changed: [db01]
2022-08-22 22:39:10,225 p=20488 u=root n=ansible | TASK [Start MySQL] *************************************************************
2022-08-22 22:39:14,766 p=20488 u=root n=ansible | changed: [db01]
2022-08-22 22:39:14,775 p=20488 u=root n=ansible | TASK [Create a new database with name 'accounts'] ******************************
2022-08-22 22:39:14,801 p=20488 u=root n=ansible | fatal: [db01]: FAILED! => {"msg": "The task includes an option with an undefined variable. The error was: 'dbname' is undefined\n\nThe error appears to be in '/root/vprofile/exercise7/db.yaml': line 41, column 7, but may\nbe elsewhere in the file depending on the exact syntax problem.\n\nThe offending line appears to be:\n\n\n    - name: Create a new database with name 'accounts'\n      ^ here\n"}
2022-08-22 22:39:14,802 p=20488 u=root n=ansible | PLAY RECAP *********************************************************************
2022-08-22 22:39:14,803 p=20488 u=root n=ansible | db01                       : ok=4    changed=3    unreachable=0    failed=1    skipped=0    rescued=0    ignored=0   
2022-08-22 22:39:14,804 p=20488 u=root n=ansible | web01                      : ok=4    changed=0    unreachable=0    failed=0    skipped=0    rescued=0    ignored=0   
2022-08-22 22:39:14,804 p=20488 u=root n=ansible | web02                      : ok=4    changed=0    unreachable=0    failed=0    skipped=0    rescued=0    ignored=0   
2022-08-22 22:41:34,620 p=20634 u=root n=ansible | PLAY [Setup WebServer] *********************************************************
2022-08-22 22:41:34,632 p=20634 u=root n=ansible | TASK [Gathering Facts] *********************************************************
2022-08-22 22:41:35,995 p=20634 u=root n=ansible | ok: [web01]
2022-08-22 22:41:36,001 p=20634 u=root n=ansible | ok: [web02]
2022-08-22 22:41:36,009 p=20634 u=root n=ansible | TASK [install Apache httpd] ****************************************************
2022-08-22 22:41:36,803 p=20634 u=root n=ansible | ok: [web01]
2022-08-22 22:41:36,807 p=20634 u=root n=ansible | ok: [web02]
2022-08-22 22:41:36,816 p=20634 u=root n=ansible | TASK [Start & Enable HTTPD] ****************************************************
2022-08-22 22:41:37,581 p=20634 u=root n=ansible | ok: [web01]
2022-08-22 22:41:37,590 p=20634 u=root n=ansible | ok: [web02]
2022-08-22 22:41:37,599 p=20634 u=root n=ansible | TASK [Deploy web file] *********************************************************
2022-08-22 22:41:38,476 p=20634 u=root n=ansible | ok: [web01]
2022-08-22 22:41:38,480 p=20634 u=root n=ansible | ok: [web02]
2022-08-22 22:41:38,485 p=20634 u=root n=ansible | PLAY [Setup DBserver] **********************************************************
2022-08-22 22:41:38,489 p=20634 u=root n=ansible | TASK [Gathering Facts] *********************************************************
2022-08-22 22:41:39,521 p=20634 u=root n=ansible | ok: [db01]
2022-08-22 22:41:39,530 p=20634 u=root n=ansible | TASK [Install Mariadb] *********************************************************
2022-08-22 22:41:40,078 p=20634 u=root n=ansible | ok: [db01]
2022-08-22 22:41:40,088 p=20634 u=root n=ansible | TASK [Install Python MYSQL] ****************************************************
2022-08-22 22:41:40,634 p=20634 u=root n=ansible | ok: [db01]
2022-08-22 22:41:40,643 p=20634 u=root n=ansible | TASK [Start MySQL] *************************************************************
2022-08-22 22:41:41,058 p=20634 u=root n=ansible | ok: [db01]
2022-08-22 22:41:41,067 p=20634 u=root n=ansible | TASK [Create a new database with name 'accounts'] ******************************
2022-08-22 22:41:41,587 p=20634 u=root n=ansible | changed: [db01]
2022-08-22 22:41:41,596 p=20634 u=root n=ansible | TASK [Create a user with name 'admin'] *****************************************
2022-08-22 22:41:42,072 p=20634 u=root n=ansible | [WARNING]: Module did not set no_log for update_password

2022-08-22 22:41:42,072 p=20634 u=root n=ansible | changed: [db01]
2022-08-22 22:41:42,077 p=20634 u=root n=ansible | PLAY RECAP *********************************************************************
2022-08-22 22:41:42,077 p=20634 u=root n=ansible | db01                       : ok=6    changed=2    unreachable=0    failed=0    skipped=0    rescued=0    ignored=0   
2022-08-22 22:41:42,077 p=20634 u=root n=ansible | web01                      : ok=4    changed=0    unreachable=0    failed=0    skipped=0    rescued=0    ignored=0   
2022-08-22 22:41:42,077 p=20634 u=root n=ansible | web02                      : ok=4    changed=0    unreachable=0    failed=0    skipped=0    rescued=0    ignored=0   
2022-08-22 22:44:18,627 p=20798 u=root n=ansible | ERROR! We were unable to read either as JSON nor YAML, these are the errors we got from each:
JSON: No JSON object could be decoded

Syntax Error while loading YAML.
  did not find expected '-' indicator

The error appears to be in '/root/vprofile/exercise7/db.yaml': line 29, column 6, but may
be elsewhere in the file depending on the exact syntax problem.

The offending line appears to be:

         var: dbname
     - debug:
     ^ here

2022-08-22 22:44:48,542 p=20806 u=root n=ansible | PLAY [Setup WebServer] *********************************************************
2022-08-22 22:44:48,554 p=20806 u=root n=ansible | TASK [Gathering Facts] *********************************************************
2022-08-22 22:44:49,911 p=20806 u=root n=ansible | ok: [web02]
2022-08-22 22:44:49,920 p=20806 u=root n=ansible | ok: [web01]
2022-08-22 22:44:49,927 p=20806 u=root n=ansible | TASK [install Apache httpd] ****************************************************
2022-08-22 22:44:50,725 p=20806 u=root n=ansible | ok: [web02]
2022-08-22 22:44:50,729 p=20806 u=root n=ansible | ok: [web01]
2022-08-22 22:44:50,738 p=20806 u=root n=ansible | TASK [Start & Enable HTTPD] ****************************************************
2022-08-22 22:44:51,498 p=20806 u=root n=ansible | ok: [web02]
2022-08-22 22:44:51,504 p=20806 u=root n=ansible | ok: [web01]
2022-08-22 22:44:51,513 p=20806 u=root n=ansible | TASK [Deploy web file] *********************************************************
2022-08-22 22:44:52,350 p=20806 u=root n=ansible | ok: [web02]
2022-08-22 22:44:52,353 p=20806 u=root n=ansible | ok: [web01]
2022-08-22 22:44:52,360 p=20806 u=root n=ansible | PLAY [Setup DBserver] **********************************************************
2022-08-22 22:44:52,364 p=20806 u=root n=ansible | TASK [Gathering Facts] *********************************************************
2022-08-22 22:44:53,370 p=20806 u=root n=ansible | ok: [db01]
2022-08-22 22:44:53,379 p=20806 u=root n=ansible | TASK [debug] *******************************************************************
2022-08-22 22:44:53,406 p=20806 u=root n=ansible | ok: [db01] => {
    "dbname": "groups"
}
2022-08-22 22:44:53,415 p=20806 u=root n=ansible | TASK [debug] *******************************************************************
2022-08-22 22:44:53,441 p=20806 u=root n=ansible | ok: [db01] => {
    "msg": "The value of your username is groups"
}
2022-08-22 22:44:53,450 p=20806 u=root n=ansible | TASK [Install Mariadb] *********************************************************
2022-08-22 22:44:53,988 p=20806 u=root n=ansible | ok: [db01]
2022-08-22 22:44:53,996 p=20806 u=root n=ansible | TASK [Install Python MYSQL] ****************************************************
2022-08-22 22:44:54,545 p=20806 u=root n=ansible | ok: [db01]
2022-08-22 22:44:54,553 p=20806 u=root n=ansible | TASK [Start MySQL] *************************************************************
2022-08-22 22:44:54,972 p=20806 u=root n=ansible | ok: [db01]
2022-08-22 22:44:54,981 p=20806 u=root n=ansible | TASK [Create a new database with name 'accounts'] ******************************
2022-08-22 22:44:55,451 p=20806 u=root n=ansible | ok: [db01]
2022-08-22 22:44:55,460 p=20806 u=root n=ansible | TASK [Create a user with name 'admin'] *****************************************
2022-08-22 22:44:55,926 p=20806 u=root n=ansible | [WARNING]: Module did not set no_log for update_password

2022-08-22 22:44:55,927 p=20806 u=root n=ansible | ok: [db01]
2022-08-22 22:44:55,931 p=20806 u=root n=ansible | PLAY RECAP *********************************************************************
2022-08-22 22:44:55,931 p=20806 u=root n=ansible | db01                       : ok=8    changed=0    unreachable=0    failed=0    skipped=0    rescued=0    ignored=0   
2022-08-22 22:44:55,931 p=20806 u=root n=ansible | web01                      : ok=4    changed=0    unreachable=0    failed=0    skipped=0    rescued=0    ignored=0   
2022-08-22 22:44:55,931 p=20806 u=root n=ansible | web02                      : ok=4    changed=0    unreachable=0    failed=0    skipped=0    rescued=0    ignored=0   
2022-08-22 22:55:18,361 p=20992 u=root n=ansible | PLAY [Setup WebServer] *********************************************************
2022-08-22 22:55:18,373 p=20992 u=root n=ansible | TASK [Gathering Facts] *********************************************************
2022-08-22 22:55:19,723 p=20992 u=root n=ansible | ok: [web02]
2022-08-22 22:55:19,729 p=20992 u=root n=ansible | ok: [web01]
2022-08-22 22:55:19,736 p=20992 u=root n=ansible | TASK [install Apache httpd] ****************************************************
2022-08-22 22:55:20,521 p=20992 u=root n=ansible | ok: [web01]
2022-08-22 22:55:20,526 p=20992 u=root n=ansible | ok: [web02]
2022-08-22 22:55:20,534 p=20992 u=root n=ansible | TASK [Start & Enable HTTPD] ****************************************************
2022-08-22 22:55:21,297 p=20992 u=root n=ansible | ok: [web01]
2022-08-22 22:55:21,305 p=20992 u=root n=ansible | ok: [web02]
2022-08-22 22:55:21,314 p=20992 u=root n=ansible | TASK [Deploy web file] *********************************************************
2022-08-22 22:55:22,148 p=20992 u=root n=ansible | ok: [web01]
2022-08-22 22:55:22,151 p=20992 u=root n=ansible | ok: [web02]
2022-08-22 22:55:22,157 p=20992 u=root n=ansible | PLAY [Setup DBserver] **********************************************************
2022-08-22 22:55:22,162 p=20992 u=root n=ansible | TASK [Gathering Facts] *********************************************************
2022-08-22 22:55:23,181 p=20992 u=root n=ansible | ok: [db01]
2022-08-22 22:55:23,190 p=20992 u=root n=ansible | TASK [debug] *******************************************************************
2022-08-22 22:55:23,217 p=20992 u=root n=ansible | ok: [db01] => {
    "dbname": "VARIABLE IS NOT DEFINED!"
}
2022-08-22 22:55:23,225 p=20992 u=root n=ansible | TASK [debug] *******************************************************************
2022-08-22 22:55:23,249 p=20992 u=root n=ansible | fatal: [db01]: FAILED! => {"msg": "The task includes an option with an undefined variable. The error was: 'dbname' is undefined\n\nThe error appears to be in '/root/vprofile/exercise7/db.yaml': line 29, column 7, but may\nbe elsewhere in the file depending on the exact syntax problem.\n\nThe offending line appears to be:\n\n         var: dbname\n    - debug:\n      ^ here\n"}
2022-08-22 22:55:23,250 p=20992 u=root n=ansible | PLAY RECAP *********************************************************************
2022-08-22 22:55:23,250 p=20992 u=root n=ansible | db01                       : ok=2    changed=0    unreachable=0    failed=1    skipped=0    rescued=0    ignored=0   
2022-08-22 22:55:23,250 p=20992 u=root n=ansible | web01                      : ok=4    changed=0    unreachable=0    failed=0    skipped=0    rescued=0    ignored=0   
2022-08-22 22:55:23,250 p=20992 u=root n=ansible | web02                      : ok=4    changed=0    unreachable=0    failed=0    skipped=0    rescued=0    ignored=0   
2022-08-22 22:59:54,856 p=21132 u=root n=ansible | PLAY [Setup WebServer] *********************************************************
2022-08-22 22:59:54,868 p=21132 u=root n=ansible | TASK [Gathering Facts] *********************************************************
2022-08-22 22:59:56,213 p=21132 u=root n=ansible | ok: [web02]
2022-08-22 22:59:56,220 p=21132 u=root n=ansible | ok: [web01]
2022-08-22 22:59:56,227 p=21132 u=root n=ansible | TASK [install Apache httpd] ****************************************************
2022-08-22 22:59:56,993 p=21132 u=root n=ansible | ok: [web02]
2022-08-22 22:59:57,003 p=21132 u=root n=ansible | ok: [web01]
2022-08-22 22:59:57,012 p=21132 u=root n=ansible | TASK [Start & Enable HTTPD] ****************************************************
2022-08-22 22:59:57,779 p=21132 u=root n=ansible | ok: [web01]
2022-08-22 22:59:57,786 p=21132 u=root n=ansible | ok: [web02]
2022-08-22 22:59:57,795 p=21132 u=root n=ansible | TASK [Deploy web file] *********************************************************
2022-08-22 22:59:58,669 p=21132 u=root n=ansible | ok: [web01]
2022-08-22 22:59:58,672 p=21132 u=root n=ansible | ok: [web02]
2022-08-22 22:59:58,678 p=21132 u=root n=ansible | PLAY [Setup DBserver] **********************************************************
2022-08-22 22:59:58,683 p=21132 u=root n=ansible | TASK [Gathering Facts] *********************************************************
2022-08-22 22:59:59,677 p=21132 u=root n=ansible | ok: [db01]
2022-08-22 22:59:59,687 p=21132 u=root n=ansible | TASK [debug] *******************************************************************
2022-08-22 22:59:59,714 p=21132 u=root n=ansible | ok: [db01] => {
    "dbname": "registration"
}
2022-08-22 22:59:59,723 p=21132 u=root n=ansible | TASK [debug] *******************************************************************
2022-08-22 22:59:59,748 p=21132 u=root n=ansible | ok: [db01] => {
    "msg": "The value of your username is registration"
}
2022-08-22 22:59:59,757 p=21132 u=root n=ansible | TASK [Install Mariadb] *********************************************************
2022-08-22 23:00:00,316 p=21132 u=root n=ansible | ok: [db01]
2022-08-22 23:00:00,325 p=21132 u=root n=ansible | TASK [Install Python MYSQL] ****************************************************
2022-08-22 23:00:00,882 p=21132 u=root n=ansible | ok: [db01]
2022-08-22 23:00:00,891 p=21132 u=root n=ansible | TASK [Start MySQL] *************************************************************
2022-08-22 23:00:01,537 p=21132 u=root n=ansible | ok: [db01]
2022-08-22 23:00:01,569 p=21132 u=root n=ansible | TASK [Create a new database with name 'accounts'] ******************************
2022-08-22 23:00:02,871 p=21132 u=root n=ansible | changed: [db01]
2022-08-22 23:00:02,889 p=21132 u=root n=ansible | TASK [Create a user with name 'admin'] *****************************************
2022-08-22 23:00:04,005 p=21132 u=root n=ansible | [WARNING]: The value ******** (type int) in a string field was converted to
u'********' (type string). If this does not look like what you expect, quote
the entire value to ensure it does not change.

2022-08-22 23:00:04,006 p=21132 u=root n=ansible | [WARNING]: Module did not set no_log for update_password

2022-08-22 23:00:04,013 p=21132 u=root n=ansible | changed: [db01]
2022-08-22 23:00:04,022 p=21132 u=root n=ansible | PLAY RECAP *********************************************************************
2022-08-22 23:00:04,023 p=21132 u=root n=ansible | db01                       : ok=8    changed=2    unreachable=0    failed=0    skipped=0    rescued=0    ignored=0   
2022-08-22 23:00:04,023 p=21132 u=root n=ansible | web01                      : ok=4    changed=0    unreachable=0    failed=0    skipped=0    rescued=0    ignored=0   
2022-08-22 23:00:04,023 p=21132 u=root n=ansible | web02                      : ok=4    changed=0    unreachable=0    failed=0    skipped=0    rescued=0    ignored=0   
